Log file open, 06/29/24 21:36:02
LogWindows: Failed to load 'aqProf.dll' (GetLastError=126)
LogWindows: File 'aqProf.dll' does not exist
LogWindows: Failed to load 'VtuneApi.dll' (GetLastError=126)
LogWindows: File 'VtuneApi.dll' does not exist
LogWindows: Failed to load 'VtuneApi32e.dll' (GetLastError=126)
LogWindows: File 'VtuneApi32e.dll' does not exist
LogConsoleResponse: Display: Failed to find resolution value strings in scalability ini. Falling back to default.
LogConsoleResponse: Display: Failed to find resolution value strings in scalability ini. Falling back to default.
LogPlatformFile: Not using cached read wrapper
LogTaskGraph: Started task graph with 5 named threads and 11 total threads with 3 sets of task threads.
LogStats: Stats thread started at 0.169834
LogICUInternationalization: ICU TimeZone Detection - Raw Offset: +8:00, Platform Override: ''
LogInit: Display: Loading text-based GConfig....
LogPluginManager: Mounting plugin MeshPainting
LogPluginManager: Mounting plugin XGEController
LogPluginManager: Mounting plugin AISupport
LogPluginManager: Mounting plugin Paper2D
LogPluginManager: Mounting plugin EnvironmentQueryEditor
LogPluginManager: Mounting plugin LiveLink
LogPluginManager: Mounting plugin LightPropagationVolume
LogPluginManager: Mounting plugin CameraShakePreviewer
LogPluginManager: Mounting plugin GameplayCameras
LogPluginManager: Mounting plugin OodleData
LogPluginManager: Mounting plugin OodleNetwork
LogPluginManager: Mounting plugin AnimationSharing
LogPluginManager: Mounting plugin CodeLiteSourceCodeAccess
LogPluginManager: Mounting plugin CLionSourceCodeAccess
LogPluginManager: Mounting plugin KDevelopSourceCodeAccess
LogPluginManager: Mounting plugin GitSourceControl
LogPluginManager: Mounting plugin NullSourceCodeAccess
LogPluginManager: Mounting plugin PerforceSourceControl
LogPluginManager: Mounting plugin PluginUtils
LogPluginManager: Mounting plugin PixWinPlugin
LogPluginManager: Mounting plugin PlasticSourceControl
LogPluginManager: Mounting plugin PropertyAccessNode
LogPluginManager: Mounting plugin RiderSourceCodeAccess
LogPluginManager: Mounting plugin TextureFormatOodle
LogPluginManager: Mounting plugin SubversionSourceControl
LogPluginManager: Mounting plugin UObjectPlugin
LogPluginManager: Mounting plugin VisualStudioCodeSourceCodeAccess
LogPluginManager: Mounting plugin VisualStudioSourceCodeAccess
LogPluginManager: Mounting plugin AssetManagerEditor
LogPluginManager: Mounting plugin CurveEditorTools
LogPluginManager: Mounting plugin CryptoKeys
LogPluginManager: Mounting plugin DataValidation
LogPluginManager: Mounting plugin FacialAnimation
LogPluginManager: Mounting plugin GameplayTagsEditor
LogPluginManager: Mounting plugin GeometryMode
LogPluginManager: Mounting plugin MacGraphicsSwitching
LogPluginManager: Mounting plugin MaterialAnalyzer
LogPluginManager: Mounting plugin MobileLauncherProfileWizard
LogPluginManager: Mounting plugin PluginBrowser
LogPluginManager: Mounting plugin SpeedTreeImporter
LogPluginManager: Mounting plugin DatasmithContent
LogPluginManager: Mounting plugin VariantManagerContent
LogPluginManager: Mounting plugin AlembicImporter
LogPluginManager: Mounting plugin AutomationUtils
LogPluginManager: Mounting plugin BackChannel
LogPluginManager: Mounting plugin ChaosCloth
LogPluginManager: Mounting plugin ChaosClothEditor
LogPluginManager: Mounting plugin ChaosEditor
LogPluginManager: Mounting plugin ChaosNiagara
LogPluginManager: Mounting plugin ChaosSolverPlugin
LogPluginManager: Mounting plugin CharacterAI
LogPluginManager: Mounting plugin EnhancedInput
LogPluginManager: Mounting plugin Niagara
LogPluginManager: Mounting plugin GeometryCache
LogPluginManager: Mounting plugin GeometryCollectionPlugin
LogPluginManager: Mounting plugin GeometryProcessing
LogPluginManager: Mounting plugin MotoSynth
LogPluginManager: Mounting plugin OpenImageDenoise
LogPluginManager: Mounting plugin PlanarCut
LogPluginManager: Mounting plugin PlatformCrypto
LogPluginManager: Mounting plugin ProxyLODPlugin
LogPluginManager: Mounting plugin PythonScriptPlugin
LogPluginManager: Mounting plugin PaperZD
LogPluginManager: Mounting plugin MagicLeap
LogPluginManager: Mounting plugin MagicLeapLightEstimation
LogPluginManager: Mounting plugin MagicLeapPassableWorld
LogPluginManager: Mounting plugin MLSDK
LogPluginManager: Mounting plugin SkeletalReduction
LogPluginManager: Mounting plugin AndroidMedia
LogPluginManager: Mounting plugin AvfMedia
LogPluginManager: Mounting plugin ImgMedia
LogPluginManager: Mounting plugin MediaCompositing
LogPluginManager: Mounting plugin MediaPlayerEditor
LogPluginManager: Mounting plugin WebMMedia
LogPluginManager: Mounting plugin WmfMedia
LogPluginManager: Mounting plugin TcpMessaging
LogPluginManager: Mounting plugin UdpMessaging
LogPluginManager: Mounting plugin ActorSequence
LogPluginManager: Mounting plugin LevelSequenceEditor
LogPluginManager: Mounting plugin MatineeToLevelSequence
LogPluginManager: Mounting plugin TemplateSequence
LogPluginManager: Mounting plugin OnlineSubsystem
LogPluginManager: Mounting plugin OnlineSubsystemNull
LogPluginManager: Mounting plugin OnlineSubsystemUtils
LogPluginManager: Mounting plugin LauncherChunkInstaller
LogPluginManager: Mounting plugin ActorLayerUtilities
LogPluginManager: Mounting plugin AndroidDeviceProfileSelector
LogPluginManager: Mounting plugin AndroidMoviePlayer
LogPluginManager: Mounting plugin AndroidPermission
LogPluginManager: Mounting plugin AppleMoviePlayer
LogPluginManager: Mounting plugin AppleImageUtils
LogPluginManager: Mounting plugin ArchVisCharacter
LogPluginManager: Mounting plugin AssetTags
LogPluginManager: Mounting plugin AudioCapture
LogPluginManager: Mounting plugin AudioSynesthesia
LogPluginManager: Mounting plugin CableComponent
LogPluginManager: Mounting plugin CustomMeshComponent
LogPluginManager: Mounting plugin ChunkDownloader
LogPluginManager: Mounting plugin EditableMesh
LogPluginManager: Mounting plugin ExampleDeviceProfileSelector
LogPluginManager: Mounting plugin ScreenshotTools
LogPluginManager: Mounting plugin GoogleCloudMessaging
LogPluginManager: Mounting plugin GooglePAD
LogPluginManager: Mounting plugin IOSDeviceProfileSelector
LogPluginManager: Mounting plugin LinuxDeviceProfileSelector
LogPluginManager: Mounting plugin LocationServicesBPLibrary
LogPluginManager: Mounting plugin MobilePatchingUtils
LogPluginManager: Mounting plugin OpenXRHandTracking
LogPluginManager: Mounting plugin OpenXREyeTracker
LogPluginManager: Mounting plugin OpenXR
LogPluginManager: Mounting plugin PhysXVehicles
LogPluginManager: Mounting plugin PropertyAccessEditor
LogPluginManager: Mounting plugin ProceduralMeshComponent
LogPluginManager: Mounting plugin RuntimePhysXCooking
LogPluginManager: Mounting plugin SignificanceManager
LogPluginManager: Mounting plugin SoundFields
LogPluginManager: Mounting plugin Synthesis
LogPluginManager: Mounting plugin WebMMoviePlayer
LogPluginManager: Mounting plugin WindowsMoviePlayer
LogPluginManager: Mounting plugin Takes
LogPluginManager: Mounting plugin ContentBrowserAssetDataSource
LogPluginManager: Mounting plugin ContentBrowserClassDataSource
LogPluginManager: Mounting plugin OculusVR
LogPluginManager: Mounting plugin SteamVR
PixWinPlugin: PIX capture plugin failed to initialize! Check that the process is launched from PIX.
LogLuminAPIImpl: Warning: MLSDK not found.  This likely means the MLSDK environment variable is not set.
LogInit: Using libcurl 7.55.1-DEV
LogInit:  - built for x86_64-pc-win32
LogInit:  - supports SSL with OpenSSL/1.1.1
LogInit:  - supports HTTP deflate (compression) using libz 1.2.8
LogInit:  - other features:
LogInit:      CURL_VERSION_SSL
LogInit:      CURL_VERSION_LIBZ
LogInit:      CURL_VERSION_IPV6
LogInit:      CURL_VERSION_ASYNCHDNS
LogInit:      CURL_VERSION_LARGEFILE
LogInit:      CURL_VERSION_IDN
LogInit:  CurlRequestOptions (configurable via config and command line):
LogInit:  - bVerifyPeer = true  - Libcurl will verify peer certificate
LogInit:  - bUseHttpProxy = false  - Libcurl will NOT use HTTP proxy
LogInit:  - bDontReuseConnections = false  - Libcurl will reuse connections
LogInit:  - MaxHostConnections = 16  - Libcurl will limit the number of connections to a host
LogInit:  - LocalHostAddr = Default
LogInit:  - BufferSize = 65536
LogOnline: OSS: Creating online subsystem instance for: NULL
LogInit: WinSock: version 1.1 (2.2), MaxSocks=32767, MaxUdp=65467
LogOnline: OSS: TryLoadSubsystemAndSetDefault: Loaded subsystem for module [NULL]
LogOculusPluginWrapper: OculusPlugin initialized successfully
LogHMD: Failed initializing OVRPlugin 1.59.0
LogInit: Build: ++UE4+Release-4.27-CL-18319896
LogInit: Engine Version: 4.27.2-18319896+++UE4+Release-4.27
LogInit: Compatible Engine Version: 4.27.0-17155196+++UE4+Release-4.27
LogInit: Net CL: 17155196
LogInit: OS: Windows 10 (Release 2009) (), CPU:        Intel(R) Core(TM) i5-3320M CPU @ 2.60GHz, GPU: Intel(R) HD Graphics 4000
LogInit: Compiled (64-bit): Nov 30 2021 07:26:28
LogInit: Compiled with Visual C++: 19.16.27032.01
LogInit: Build Configuration: Development
LogInit: Branch Name: ++UE4+Release-4.27
LogInit: Command Line: 
LogInit: Base Directory: C:/Users/micha/OneDrive/Documents/Unreal Projects/LuminousRebellion/Binaries/Win64/
LogInit: Allocator: binned2
LogInit: Installed Engine Build: 1
LogDevObjectVersion: Number of dev versions registered: 29
LogDevObjectVersion:   Dev-Blueprints (B0D832E4-1F89-4F0D-ACCF-7EB736FD4AA2): 10
LogDevObjectVersion:   Dev-Build (E1C64328-A22C-4D53-A36C-8E866417BD8C): 0
LogDevObjectVersion:   Dev-Core (375EC13C-06E4-48FB-B500-84F0262A717E): 4
LogDevObjectVersion:   Dev-Editor (E4B068ED-F494-42E9-A231-DA0B2E46BB41): 40
LogDevObjectVersion:   Dev-Framework (CFFC743F-43B0-4480-9391-14DF171D2073): 37
LogDevObjectVersion:   Dev-Mobile (B02B49B5-BB20-44E9-A304-32B752E40360): 3
LogDevObjectVersion:   Dev-Networking (A4E4105C-59A1-49B5-A7C5-40C4547EDFEE): 0
LogDevObjectVersion:   Dev-Online (39C831C9-5AE6-47DC-9A44-9C173E1C8E7C): 0
LogDevObjectVersion:   Dev-Physics (78F01B33-EBEA-4F98-B9B4-84EACCB95AA2): 14
LogDevObjectVersion:   Dev-Platform (6631380F-2D4D-43E0-8009-CF276956A95A): 0
LogDevObjectVersion:   Dev-Rendering (12F88B9F-8875-4AFC-A67C-D90C383ABD29): 45
LogDevObjectVersion:   Dev-Sequencer (7B5AE74C-D270-4C10-A958-57980B212A5A): 13
LogDevObjectVersion:   Dev-VR (D7296918-1DD6-4BDD-9DE2-64A83CC13884): 3
LogDevObjectVersion:   Dev-LoadTimes (C2A15278-BFE7-4AFE-6C17-90FF531DF755): 1
LogDevObjectVersion:   Private-Geometry (6EACA3D4-40EC-4CC1-B786-8BED09428FC5): 3
LogDevObjectVersion:   Dev-AnimPhys (29E575DD-E0A3-4627-9D10-D276232CDCEA): 17
LogDevObjectVersion:   Dev-Anim (AF43A65D-7FD3-4947-9873-3E8ED9C1BB05): 15
LogDevObjectVersion:   Dev-ReflectionCapture (6B266CEC-1EC7-4B8F-A30B-E4D90942FC07): 1
LogDevObjectVersion:   Dev-Automation (0DF73D61-A23F-47EA-B727-89E90C41499A): 1
LogDevObjectVersion:   FortniteMain (601D1886-AC64-4F84-AA16-D3DE0DEAC7D6): 47
LogDevObjectVersion:   FortniteRelease (E7086368-6B23-4C58-8439-1B7016265E91): 1
LogDevObjectVersion:   Dev-Enterprise (9DFFBCD6-494F-0158-E221-12823C92A888): 10
LogDevObjectVersion:   Dev-Niagara (F2AED0AC-9AFE-416F-8664-AA7FFA26D6FC): 1
LogDevObjectVersion:   Dev-Destruction (174F1F0B-B4C6-45A5-B13F-2EE8D0FB917D): 10
LogDevObjectVersion:   Dev-Physics-Ext (35F94A83-E258-406C-A318-09F59610247C): 41
LogDevObjectVersion:   Dev-PhysicsMaterial-Chaos (B68FC16E-8B1B-42E2-B453-215C058844FE): 1
LogDevObjectVersion:   Dev-CineCamera (B2E18506-4273-CFC2-A54E-F4BB758BBA07): 1
LogDevObjectVersion:   Dev-VirtualProduction (64F58936-FD1B-42BA-BA96-7289D5D0FA4E): 1
LogDevObjectVersion:   Dev-MediaFramework (6F0ED827-A609-4895-9C91-998D90180EA4): 2
LogInit: Presizing for max 2097152 objects, including 1 objects not considered by GC, pre-allocating 0 bytes for permanent pool.
LogConfig: Applying CVar settings from Section [/Script/Engine.StreamingSettings] File [C:/Users/micha/OneDrive/Documents/Unreal Projects/LuminousRebellion/Saved/Config/WindowsNoEditor/Engine.ini]
LogConfig: Setting CVar [[s.MinBulkDataSizeForAsyncLoading:131072]]
LogConfig: Setting CVar [[s.AsyncLoadingThreadEnabled:0]]
LogConfig: Setting CVar [[s.EventDrivenLoaderEnabled:1]]
LogConfig: Setting CVar [[s.WarnIfTimeLimitExceeded:0]]
LogConfig: Setting CVar [[s.TimeLimitExceededMultiplier:1.5]]
LogConfig: Setting CVar [[s.TimeLimitExceededMinTime:0.005]]
LogConfig: Setting CVar [[s.UseBackgroundLevelStreaming:1]]
LogConfig: Setting CVar [[s.PriorityAsyncLoadingExtraTime:15.0]]
LogConfig: Setting CVar [[s.LevelStreamingActorsUpdateTimeLimit:5.0]]
LogConfig: Setting CVar [[s.PriorityLevelStreamingActorsUpdateExtraTime:5.0]]
LogConfig: Setting CVar [[s.LevelStreamingComponentsRegistrationGranularity:10]]
LogConfig: Setting CVar [[s.UnregisterComponentsTimeLimit:1.0]]
LogConfig: Setting CVar [[s.LevelStreamingComponentsUnregistrationGranularity:5]]
LogConfig: Setting CVar [[s.FlushStreamingOnExit:1]]
LogStreaming: Display: Async Loading initialized: Event Driven Loader: true, Async Loading Thread: false, Async Post Load: true
LogInit: Object subsystem initialized
LogConfig: Setting CVar [[con.DebugEarlyDefault:1]]
LogConfig: Setting CVar [[r.setres:1280x720]]
LogConfig: Setting CVar [[fx.NiagaraAllowRuntimeScalabilityChanges:1]]
[2024.06.29-13.36.02:663][  0]LogConfig: Setting CVar [[con.DebugEarlyDefault:1]]
[2024.06.29-13.36.02:663][  0]LogConfig: Setting CVar [[r.setres:1280x720]]
[2024.06.29-13.36.02:663][  0]LogConfig: Setting CVar [[fx.NiagaraAllowRuntimeScalabilityChanges:1]]
[2024.06.29-13.36.02:663][  0]LogConfig: Applying CVar settings from Section [/Script/Engine.RendererSettings] File [C:/Users/micha/OneDrive/Documents/Unreal Projects/LuminousRebellion/Saved/Config/WindowsNoEditor/Engine.ini]
[2024.06.29-13.36.02:663][  0]LogConfig: Setting CVar [[r.GPUCrashDebugging:0]]
[2024.06.29-13.36.02:663][  0]LogConfig: Setting CVar [[r.DefaultFeature.MotionBlur:0]]
[2024.06.29-13.36.02:663][  0]LogConfig: Setting CVar [[r.DefaultFeature.AntiAliasing:1]]
[2024.06.29-13.36.02:663][  0]LogConfig: Applying CVar settings from Section [/Script/Engine.RendererOverrideSettings] File [C:/Users/micha/OneDrive/Documents/Unreal Projects/LuminousRebellion/Saved/Config/WindowsNoEditor/Engine.ini]
[2024.06.29-13.36.02:663][  0]LogConfig: Applying CVar settings from Section [/Script/Engine.StreamingSettings] File [C:/Users/micha/OneDrive/Documents/Unreal Projects/LuminousRebellion/Saved/Config/WindowsNoEditor/Engine.ini]
[2024.06.29-13.36.02:663][  0]LogConfig: Setting CVar [[s.MinBulkDataSizeForAsyncLoading:131072]]
[2024.06.29-13.36.02:663][  0]LogConfig: Setting CVar [[s.AsyncLoadingThreadEnabled:0]]
[2024.06.29-13.36.02:663][  0]LogConfig: Setting CVar [[s.EventDrivenLoaderEnabled:1]]
[2024.06.29-13.36.02:663][  0]LogConfig: Setting CVar [[s.WarnIfTimeLimitExceeded:0]]
[2024.06.29-13.36.02:663][  0]LogConfig: Setting CVar [[s.TimeLimitExceededMultiplier:1.5]]
[2024.06.29-13.36.02:663][  0]LogConfig: Setting CVar [[s.TimeLimitExceededMinTime:0.005]]
[2024.06.29-13.36.02:663][  0]LogConfig: Setting CVar [[s.UseBackgroundLevelStreaming:1]]
[2024.06.29-13.36.02:663][  0]LogConfig: Setting CVar [[s.PriorityAsyncLoadingExtraTime:15.0]]
[2024.06.29-13.36.02:663][  0]LogConfig: Setting CVar [[s.LevelStreamingActorsUpdateTimeLimit:5.0]]
[2024.06.29-13.36.02:663][  0]LogConfig: Setting CVar [[s.PriorityLevelStreamingActorsUpdateExtraTime:5.0]]
[2024.06.29-13.36.02:663][  0]LogConfig: Setting CVar [[s.LevelStreamingComponentsRegistrationGranularity:10]]
[2024.06.29-13.36.02:663][  0]LogConfig: Setting CVar [[s.UnregisterComponentsTimeLimit:1.0]]
[2024.06.29-13.36.02:663][  0]LogConfig: Setting CVar [[s.LevelStreamingComponentsUnregistrationGranularity:5]]
[2024.06.29-13.36.02:663][  0]LogConfig: Setting CVar [[s.FlushStreamingOnExit:1]]
[2024.06.29-13.36.02:663][  0]LogConfig: Applying CVar settings from Section [/Script/Engine.GarbageCollectionSettings] File [C:/Users/micha/OneDrive/Documents/Unreal Projects/LuminousRebellion/Saved/Config/WindowsNoEditor/Engine.ini]
[2024.06.29-13.36.02:663][  0]LogConfig: Setting CVar [[gc.MaxObjectsNotConsideredByGC:1]]
[2024.06.29-13.36.02:663][  0]LogConfig: Setting CVar [[gc.SizeOfPermanentObjectPool:0]]
[2024.06.29-13.36.02:663][  0]LogConfig: Setting CVar [[gc.FlushStreamingOnGC:0]]
[2024.06.29-13.36.02:664][  0]LogConfig: Setting CVar [[gc.NumRetriesBeforeForcingGC:10]]
[2024.06.29-13.36.02:664][  0]LogConfig: Setting CVar [[gc.AllowParallelGC:1]]
[2024.06.29-13.36.02:664][  0]LogConfig: Setting CVar [[gc.TimeBetweenPurgingPendingKillObjects:61.1]]
[2024.06.29-13.36.02:664][  0]LogConfig: Setting CVar [[gc.MaxObjectsInEditor:25165824]]
[2024.06.29-13.36.02:664][  0]LogConfig: Setting CVar [[gc.IncrementalBeginDestroyEnabled:1]]
[2024.06.29-13.36.02:664][  0]LogConfig: Setting CVar [[gc.CreateGCClusters:1]]
[2024.06.29-13.36.02:664][  0]LogConfig: Setting CVar [[gc.MinGCClusterSize:5]]
[2024.06.29-13.36.02:664][  0]LogConfig: Setting CVar [[gc.ActorClusteringEnabled:0]]
[2024.06.29-13.36.02:664][  0]LogConfig: Setting CVar [[gc.BlueprintClusteringEnabled:0]]
[2024.06.29-13.36.02:664][  0]LogConfig: Setting CVar [[gc.UseDisregardForGCOnDedicatedServers:0]]
[2024.06.29-13.36.02:664][  0]LogConfig: Setting CVar [[gc.MultithreadedDestructionEnabled:1]]
[2024.06.29-13.36.02:664][  0]LogConfig: Applying CVar settings from Section [/Script/Engine.NetworkSettings] File [C:/Users/micha/OneDrive/Documents/Unreal Projects/LuminousRebellion/Saved/Config/WindowsNoEditor/Engine.ini]
[2024.06.29-13.36.02:678][  0]LogConfig: Applying CVar settings from Section [ViewDistanceQuality@3] File [C:/Users/micha/OneDrive/Documents/Unreal Projects/LuminousRebellion/Saved/Config/WindowsNoEditor/Scalability.ini]
[2024.06.29-13.36.02:678][  0]LogConfig: Setting CVar [[r.SkeletalMeshLODBias:0]]
[2024.06.29-13.36.02:678][  0]LogConfig: Setting CVar [[r.ViewDistanceScale:1.0]]
[2024.06.29-13.36.02:678][  0]LogConfig: Applying CVar settings from Section [AntiAliasingQuality@3] File [C:/Users/micha/OneDrive/Documents/Unreal Projects/LuminousRebellion/Saved/Config/WindowsNoEditor/Scalability.ini]
[2024.06.29-13.36.02:678][  0]LogConfig: Setting CVar [[r.PostProcessAAQuality:4]]
[2024.06.29-13.36.02:678][  0]LogConfig: Applying CVar settings from Section [ShadowQuality@3] File [C:/Users/micha/OneDrive/Documents/Unreal Projects/LuminousRebellion/Saved/Config/WindowsNoEditor/Scalability.ini]
[2024.06.29-13.36.02:678][  0]LogConfig: Setting CVar [[r.LightFunctionQuality:1]]
[2024.06.29-13.36.02:678][  0]LogConfig: Setting CVar [[r.ShadowQuality:5]]
[2024.06.29-13.36.02:678][  0]LogConfig: Setting CVar [[r.Shadow.CSM.MaxCascades:10]]
[2024.06.29-13.36.02:678][  0]LogConfig: Setting CVar [[r.Shadow.MaxResolution:2048]]
[2024.06.29-13.36.02:678][  0]LogConfig: Setting CVar [[r.Shadow.MaxCSMResolution:2048]]
[2024.06.29-13.36.02:678][  0]LogConfig: Setting CVar [[r.Shadow.RadiusThreshold:0.01]]
[2024.06.29-13.36.02:678][  0]LogConfig: Setting CVar [[r.Shadow.DistanceScale:1.0]]
[2024.06.29-13.36.02:678][  0]LogConfig: Setting CVar [[r.Shadow.CSM.TransitionScale:1.0]]
[2024.06.29-13.36.02:678][  0]LogConfig: Setting CVar [[r.Shadow.PreShadowResolutionFactor:1.0]]
[2024.06.29-13.36.02:678][  0]LogConfig: Setting CVar [[r.DistanceFieldShadowing:1]]
[2024.06.29-13.36.02:678][  0]LogConfig: Setting CVar [[r.DistanceFieldAO:1]]
[2024.06.29-13.36.02:678][  0]LogConfig: Setting CVar [[r.AOQuality:2]]
[2024.06.29-13.36.02:678][  0]LogConfig: Setting CVar [[r.VolumetricFog:1]]
[2024.06.29-13.36.02:678][  0]LogConfig: Setting CVar [[r.VolumetricFog.GridPixelSize:8]]
[2024.06.29-13.36.02:678][  0]LogConfig: Setting CVar [[r.VolumetricFog.GridSizeZ:128]]
[2024.06.29-13.36.02:678][  0]LogConfig: Setting CVar [[r.VolumetricFog.HistoryMissSupersampleCount:4]]
[2024.06.29-13.36.02:678][  0]LogConfig: Setting CVar [[r.LightMaxDrawDistanceScale:1]]
[2024.06.29-13.36.02:678][  0]LogConfig: Setting CVar [[r.CapsuleShadows:1]]
[2024.06.29-13.36.02:678][  0]LogConfig: Applying CVar settings from Section [PostProcessQuality@3] File [C:/Users/micha/OneDrive/Documents/Unreal Projects/LuminousRebellion/Saved/Config/WindowsNoEditor/Scalability.ini]
[2024.06.29-13.36.02:678][  0]LogConfig: Setting CVar [[r.MotionBlurQuality:4]]
[2024.06.29-13.36.02:679][  0]LogConfig: Setting CVar [[r.AmbientOcclusionMipLevelFactor:0.4]]
[2024.06.29-13.36.02:679][  0]LogConfig: Setting CVar [[r.AmbientOcclusionMaxQuality:100]]
[2024.06.29-13.36.02:679][  0]LogConfig: Setting CVar [[r.AmbientOcclusionLevels:-1]]
[2024.06.29-13.36.02:679][  0]LogConfig: Setting CVar [[r.AmbientOcclusionRadiusScale:1.0]]
[2024.06.29-13.36.02:679][  0]LogConfig: Setting CVar [[r.DepthOfFieldQuality:2]]
[2024.06.29-13.36.02:679][  0]LogConfig: Setting CVar [[r.RenderTargetPoolMin:400]]
[2024.06.29-13.36.02:679][  0]LogConfig: Setting CVar [[r.LensFlareQuality:2]]
[2024.06.29-13.36.02:679][  0]LogConfig: Setting CVar [[r.SceneColorFringeQuality:1]]
[2024.06.29-13.36.02:679][  0]LogConfig: Setting CVar [[r.EyeAdaptationQuality:2]]
[2024.06.29-13.36.02:679][  0]LogConfig: Setting CVar [[r.BloomQuality:5]]
[2024.06.29-13.36.02:679][  0]LogConfig: Setting CVar [[r.FastBlurThreshold:100]]
[2024.06.29-13.36.02:679][  0]LogConfig: Setting CVar [[r.Upscale.Quality:3]]
[2024.06.29-13.36.02:679][  0]LogConfig: Setting CVar [[r.Tonemapper.GrainQuantization:1]]
[2024.06.29-13.36.02:679][  0]LogConfig: Setting CVar [[r.LightShaftQuality:1]]
[2024.06.29-13.36.02:679][  0]LogConfig: Setting CVar [[r.Filter.SizeScale:1]]
[2024.06.29-13.36.02:679][  0]LogConfig: Setting CVar [[r.Tonemapper.Quality:5]]
[2024.06.29-13.36.02:679][  0]LogConfig: Setting CVar [[r.DOF.Gather.AccumulatorQuality:1        ; higher gathering accumulator quality]]
[2024.06.29-13.36.02:679][  0]LogConfig: Setting CVar [[r.DOF.Gather.PostfilterMethod:1          ; Median3x3 postfilering method]]
[2024.06.29-13.36.02:679][  0]LogConfig: Setting CVar [[r.DOF.Gather.EnableBokehSettings:0       ; no bokeh simulation when gathering]]
[2024.06.29-13.36.02:679][  0]LogConfig: Setting CVar [[r.DOF.Gather.RingCount:4                 ; medium number of samples when gathering]]
[2024.06.29-13.36.02:679][  0]LogConfig: Setting CVar [[r.DOF.Scatter.ForegroundCompositing:1    ; additive foreground scattering]]
[2024.06.29-13.36.02:679][  0]LogConfig: Setting CVar [[r.DOF.Scatter.BackgroundCompositing:2    ; additive background scattering]]
[2024.06.29-13.36.02:679][  0]LogConfig: Setting CVar [[r.DOF.Scatter.EnableBokehSettings:1      ; bokeh simulation when scattering]]
[2024.06.29-13.36.02:679][  0]LogConfig: Setting CVar [[r.DOF.Scatter.MaxSpriteRatio:0.1         ; only a maximum of 10% of scattered bokeh]]
[2024.06.29-13.36.02:679][  0]LogConfig: Setting CVar [[r.DOF.Recombine.Quality:1                ; cheap slight out of focus]]
[2024.06.29-13.36.02:679][  0]LogConfig: Setting CVar [[r.DOF.Recombine.EnableBokehSettings:0    ; no bokeh simulation on slight out of focus]]
[2024.06.29-13.36.02:679][  0]LogConfig: Setting CVar [[r.DOF.TemporalAAQuality:1                ; more stable temporal accumulation]]
[2024.06.29-13.36.02:679][  0]LogConfig: Setting CVar [[r.DOF.Kernel.MaxForegroundRadius:0.025]]
[2024.06.29-13.36.02:680][  0]LogConfig: Setting CVar [[r.DOF.Kernel.MaxBackgroundRadius:0.025]]
[2024.06.29-13.36.02:680][  0]LogConfig: Applying CVar settings from Section [TextureQuality@3] File [C:/Users/micha/OneDrive/Documents/Unreal Projects/LuminousRebellion/Saved/Config/WindowsNoEditor/Scalability.ini]
[2024.06.29-13.36.02:680][  0]LogConfig: Setting CVar [[r.Streaming.MipBias:0]]
[2024.06.29-13.36.02:680][  0]LogConfig: Setting CVar [[r.Streaming.AmortizeCPUToGPUCopy:0]]
[2024.06.29-13.36.02:680][  0]LogConfig: Setting CVar [[r.Streaming.MaxNumTexturesToStreamPerFrame:0]]
[2024.06.29-13.36.02:680][  0]LogConfig: Setting CVar [[r.Streaming.Boost:1]]
[2024.06.29-13.36.02:680][  0]LogConfig: Setting CVar [[r.MaxAnisotropy:8]]
[2024.06.29-13.36.02:680][  0]LogConfig: Setting CVar [[r.VT.MaxAnisotropy:8]]
[2024.06.29-13.36.02:680][  0]LogConfig: Setting CVar [[r.Streaming.LimitPoolSizeToVRAM:0]]
[2024.06.29-13.36.02:680][  0]LogConfig: Setting CVar [[r.Streaming.PoolSize:1000]]
[2024.06.29-13.36.02:680][  0]LogConfig: Setting CVar [[r.Streaming.MaxEffectiveScreenSize:0]]
[2024.06.29-13.36.02:680][  0]LogConfig: Applying CVar settings from Section [EffectsQuality@3] File [C:/Users/micha/OneDrive/Documents/Unreal Projects/LuminousRebellion/Saved/Config/WindowsNoEditor/Scalability.ini]
[2024.06.29-13.36.02:680][  0]LogConfig: Setting CVar [[r.TranslucencyLightingVolumeDim:64]]
[2024.06.29-13.36.02:680][  0]LogConfig: Setting CVar [[r.RefractionQuality:2]]
[2024.06.29-13.36.02:680][  0]LogConfig: Setting CVar [[r.SSR.Quality:3]]
[2024.06.29-13.36.02:680][  0]LogConfig: Setting CVar [[r.SSR.HalfResSceneColor:0]]
[2024.06.29-13.36.02:680][  0]LogConfig: Setting CVar [[r.SceneColorFormat:4]]
[2024.06.29-13.36.02:680][  0]LogConfig: Setting CVar [[r.DetailMode:2]]
[2024.06.29-13.36.02:680][  0]LogConfig: Setting CVar [[r.TranslucencyVolumeBlur:1]]
[2024.06.29-13.36.02:680][  0]LogConfig: Setting CVar [[r.MaterialQualityLevel:1 ; High quality]]
[2024.06.29-13.36.02:680][  0]LogConfig: Setting CVar [[r.AnisotropicMaterials:1]]
[2024.06.29-13.36.02:680][  0]LogConfig: Setting CVar [[r.SSS.Scale:1]]
[2024.06.29-13.36.02:680][  0]LogConfig: Setting CVar [[r.SSS.SampleSet:2]]
[2024.06.29-13.36.02:680][  0]LogConfig: Setting CVar [[r.SSS.Quality:1]]
[2024.06.29-13.36.02:680][  0]LogConfig: Setting CVar [[r.SSS.HalfRes:0]]
[2024.06.29-13.36.02:680][  0]LogConfig: Setting CVar [[r.SSGI.Quality:3]]
[2024.06.29-13.36.02:680][  0]LogConfig: Setting CVar [[r.EmitterSpawnRateScale:1.0]]
[2024.06.29-13.36.02:680][  0]LogConfig: Setting CVar [[r.ParticleLightQuality:2]]
[2024.06.29-13.36.02:680][  0]LogConfig: Setting CVar [[r.SkyAtmosphere.AerialPerspectiveLUT.FastApplyOnOpaque:1 ; Always have FastSkyLUT 1 in this case to avoid wrong sky]]
[2024.06.29-13.36.02:680][  0]LogConfig: Setting CVar [[r.SkyAtmosphere.AerialPerspectiveLUT.SampleCountMaxPerSlice:4]]
[2024.06.29-13.36.02:681][  0]LogConfig: Setting CVar [[r.SkyAtmosphere.AerialPerspectiveLUT.DepthResolution:16.0]]
[2024.06.29-13.36.02:681][  0]LogConfig: Setting CVar [[r.SkyAtmosphere.FastSkyLUT:1]]
[2024.06.29-13.36.02:681][  0]LogConfig: Setting CVar [[r.SkyAtmosphere.FastSkyLUT.SampleCountMin:4.0]]
[2024.06.29-13.36.02:681][  0]LogConfig: Setting CVar [[r.SkyAtmosphere.FastSkyLUT.SampleCountMax:128.0]]
[2024.06.29-13.36.02:681][  0]LogConfig: Setting CVar [[r.SkyAtmosphere.SampleCountMin:4.0]]
[2024.06.29-13.36.02:681][  0]LogConfig: Setting CVar [[r.SkyAtmosphere.SampleCountMax:128.0]]
[2024.06.29-13.36.02:681][  0]LogConfig: Setting CVar [[r.SkyAtmosphere.TransmittanceLUT.UseSmallFormat:0]]
[2024.06.29-13.36.02:681][  0]LogConfig: Setting CVar [[r.SkyAtmosphere.TransmittanceLUT.SampleCount:10.0]]
[2024.06.29-13.36.02:681][  0]LogConfig: Setting CVar [[r.SkyAtmosphere.MultiScatteringLUT.SampleCount:15.0]]
[2024.06.29-13.36.02:681][  0]LogConfig: Setting CVar [[r.SkyLight.RealTimeReflectionCapture:1]]
[2024.06.29-13.36.02:681][  0]LogConfig: Setting CVar [[fx.Niagara.QualityLevel:3]]
[2024.06.29-13.36.02:681][  0]LogConfig: Applying CVar settings from Section [FoliageQuality@3] File [C:/Users/micha/OneDrive/Documents/Unreal Projects/LuminousRebellion/Saved/Config/WindowsNoEditor/Scalability.ini]
[2024.06.29-13.36.02:681][  0]LogConfig: Setting CVar [[foliage.DensityScale:1.0]]
[2024.06.29-13.36.02:681][  0]LogConfig: Setting CVar [[grass.DensityScale:1.0]]
[2024.06.29-13.36.02:681][  0]LogConfig: Applying CVar settings from Section [ShadingQuality@3] File [C:/Users/micha/OneDrive/Documents/Unreal Projects/LuminousRebellion/Saved/Config/WindowsNoEditor/Scalability.ini]
[2024.06.29-13.36.02:681][  0]LogConfig: Setting CVar [[r.HairStrands.SkyLighting.IntegrationType:2]]
[2024.06.29-13.36.02:681][  0]LogConfig: Setting CVar [[r.HairStrands.SkyAO.SampleCount:4]]
[2024.06.29-13.36.02:681][  0]LogConfig: Setting CVar [[r.HairStrands.Visibility.MSAA.SamplePerPixel:4]]
[2024.06.29-13.36.02:681][  0]LogInit: Selected Device Profile: [WindowsNoEditor]
[2024.06.29-13.36.02:681][  0]LogInit: Applying CVar settings loaded from the selected device profile: [WindowsNoEditor]
[2024.06.29-13.36.02:681][  0]LogHAL: Display: Platform has ~ 8 GB [8270950400 / 8589934592 / 8], which maps to Default [LargestMinGB=32, LargerMinGB=12, DefaultMinGB=8, SmallerMinGB=6, SmallestMinGB=0)
[2024.06.29-13.36.02:681][  0]LogInit: Going up to parent DeviceProfile [Windows]
[2024.06.29-13.36.02:681][  0]LogInit: Going up to parent DeviceProfile []
[2024.06.29-13.36.02:681][  0]LogConfig: Applying CVar settings from Section [ViewDistanceQuality@3] File [C:/Users/micha/OneDrive/Documents/Unreal Projects/LuminousRebellion/Saved/Config/WindowsNoEditor/Scalability.ini]
[2024.06.29-13.36.02:681][  0]LogConfig: Setting CVar [[r.SkeletalMeshLODBias:0]]
[2024.06.29-13.36.02:681][  0]LogConfig: Setting CVar [[r.ViewDistanceScale:1.0]]
[2024.06.29-13.36.02:681][  0]LogConfig: Applying CVar settings from Section [AntiAliasingQuality@3] File [C:/Users/micha/OneDrive/Documents/Unreal Projects/LuminousRebellion/Saved/Config/WindowsNoEditor/Scalability.ini]
[2024.06.29-13.36.02:681][  0]LogConfig: Setting CVar [[r.PostProcessAAQuality:4]]
[2024.06.29-13.36.02:681][  0]LogConfig: Applying CVar settings from Section [ShadowQuality@3] File [C:/Users/micha/OneDrive/Documents/Unreal Projects/LuminousRebellion/Saved/Config/WindowsNoEditor/Scalability.ini]
[2024.06.29-13.36.02:681][  0]LogConfig: Setting CVar [[r.LightFunctionQuality:1]]
[2024.06.29-13.36.02:681][  0]LogConfig: Setting CVar [[r.ShadowQuality:5]]
[2024.06.29-13.36.02:681][  0]LogConfig: Setting CVar [[r.Shadow.CSM.MaxCascades:10]]
[2024.06.29-13.36.02:681][  0]LogConfig: Setting CVar [[r.Shadow.MaxResolution:2048]]
[2024.06.29-13.36.02:681][  0]LogConfig: Setting CVar [[r.Shadow.MaxCSMResolution:2048]]
[2024.06.29-13.36.02:681][  0]LogConfig: Setting CVar [[r.Shadow.RadiusThreshold:0.01]]
[2024.06.29-13.36.02:681][  0]LogConfig: Setting CVar [[r.Shadow.DistanceScale:1.0]]
[2024.06.29-13.36.02:681][  0]LogConfig: Setting CVar [[r.Shadow.CSM.TransitionScale:1.0]]
[2024.06.29-13.36.02:681][  0]LogConfig: Setting CVar [[r.Shadow.PreShadowResolutionFactor:1.0]]
[2024.06.29-13.36.02:681][  0]LogConfig: Setting CVar [[r.DistanceFieldShadowing:1]]
[2024.06.29-13.36.02:681][  0]LogConfig: Setting CVar [[r.DistanceFieldAO:1]]
[2024.06.29-13.36.02:681][  0]LogConfig: Setting CVar [[r.AOQuality:2]]
[2024.06.29-13.36.02:682][  0]LogConfig: Setting CVar [[r.VolumetricFog:1]]
[2024.06.29-13.36.02:682][  0]LogConfig: Setting CVar [[r.VolumetricFog.GridPixelSize:8]]
[2024.06.29-13.36.02:682][  0]LogConfig: Setting CVar [[r.VolumetricFog.GridSizeZ:128]]
[2024.06.29-13.36.02:682][  0]LogConfig: Setting CVar [[r.VolumetricFog.HistoryMissSupersampleCount:4]]
[2024.06.29-13.36.02:682][  0]LogConfig: Setting CVar [[r.LightMaxDrawDistanceScale:1]]
[2024.06.29-13.36.02:682][  0]LogConfig: Setting CVar [[r.CapsuleShadows:1]]
[2024.06.29-13.36.02:682][  0]LogConfig: Applying CVar settings from Section [PostProcessQuality@3] File [C:/Users/micha/OneDrive/Documents/Unreal Projects/LuminousRebellion/Saved/Config/WindowsNoEditor/Scalability.ini]
[2024.06.29-13.36.02:682][  0]LogConfig: Setting CVar [[r.MotionBlurQuality:4]]
[2024.06.29-13.36.02:682][  0]LogConfig: Setting CVar [[r.AmbientOcclusionMipLevelFactor:0.4]]
[2024.06.29-13.36.02:682][  0]LogConfig: Setting CVar [[r.AmbientOcclusionMaxQuality:100]]
[2024.06.29-13.36.02:682][  0]LogConfig: Setting CVar [[r.AmbientOcclusionLevels:-1]]
[2024.06.29-13.36.02:682][  0]LogConfig: Setting CVar [[r.AmbientOcclusionRadiusScale:1.0]]
[2024.06.29-13.36.02:682][  0]LogConfig: Setting CVar [[r.DepthOfFieldQuality:2]]
[2024.06.29-13.36.02:682][  0]LogConfig: Setting CVar [[r.RenderTargetPoolMin:400]]
[2024.06.29-13.36.02:682][  0]LogConfig: Setting CVar [[r.LensFlareQuality:2]]
[2024.06.29-13.36.02:682][  0]LogConfig: Setting CVar [[r.SceneColorFringeQuality:1]]
[2024.06.29-13.36.02:682][  0]LogConfig: Setting CVar [[r.EyeAdaptationQuality:2]]
[2024.06.29-13.36.02:682][  0]LogConfig: Setting CVar [[r.BloomQuality:5]]
[2024.06.29-13.36.02:682][  0]LogConfig: Setting CVar [[r.FastBlurThreshold:100]]
[2024.06.29-13.36.02:682][  0]LogConfig: Setting CVar [[r.Upscale.Quality:3]]
[2024.06.29-13.36.02:682][  0]LogConfig: Setting CVar [[r.Tonemapper.GrainQuantization:1]]
[2024.06.29-13.36.02:682][  0]LogConfig: Setting CVar [[r.LightShaftQuality:1]]
[2024.06.29-13.36.02:682][  0]LogConfig: Setting CVar [[r.Filter.SizeScale:1]]
[2024.06.29-13.36.02:682][  0]LogConfig: Setting CVar [[r.Tonemapper.Quality:5]]
[2024.06.29-13.36.02:682][  0]LogConfig: Setting CVar [[r.DOF.Gather.AccumulatorQuality:1        ; higher gathering accumulator quality]]
[2024.06.29-13.36.02:682][  0]LogConfig: Setting CVar [[r.DOF.Gather.PostfilterMethod:1          ; Median3x3 postfilering method]]
[2024.06.29-13.36.02:682][  0]LogConfig: Setting CVar [[r.DOF.Gather.EnableBokehSettings:0       ; no bokeh simulation when gathering]]
[2024.06.29-13.36.02:683][  0]LogConfig: Setting CVar [[r.DOF.Gather.RingCount:4                 ; medium number of samples when gathering]]
[2024.06.29-13.36.02:683][  0]LogConfig: Setting CVar [[r.DOF.Scatter.ForegroundCompositing:1    ; additive foreground scattering]]
[2024.06.29-13.36.02:683][  0]LogConfig: Setting CVar [[r.DOF.Scatter.BackgroundCompositing:2    ; additive background scattering]]
[2024.06.29-13.36.02:683][  0]LogConfig: Setting CVar [[r.DOF.Scatter.EnableBokehSettings:1      ; bokeh simulation when scattering]]
[2024.06.29-13.36.02:683][  0]LogConfig: Setting CVar [[r.DOF.Scatter.MaxSpriteRatio:0.1         ; only a maximum of 10% of scattered bokeh]]
[2024.06.29-13.36.02:683][  0]LogConfig: Setting CVar [[r.DOF.Recombine.Quality:1                ; cheap slight out of focus]]
[2024.06.29-13.36.02:683][  0]LogConfig: Setting CVar [[r.DOF.Recombine.EnableBokehSettings:0    ; no bokeh simulation on slight out of focus]]
[2024.06.29-13.36.02:683][  0]LogConfig: Setting CVar [[r.DOF.TemporalAAQuality:1                ; more stable temporal accumulation]]
[2024.06.29-13.36.02:683][  0]LogConfig: Setting CVar [[r.DOF.Kernel.MaxForegroundRadius:0.025]]
[2024.06.29-13.36.02:683][  0]LogConfig: Setting CVar [[r.DOF.Kernel.MaxBackgroundRadius:0.025]]
[2024.06.29-13.36.02:683][  0]LogConfig: Applying CVar settings from Section [TextureQuality@3] File [C:/Users/micha/OneDrive/Documents/Unreal Projects/LuminousRebellion/Saved/Config/WindowsNoEditor/Scalability.ini]
[2024.06.29-13.36.02:683][  0]LogConfig: Setting CVar [[r.Streaming.MipBias:0]]
[2024.06.29-13.36.02:683][  0]LogConfig: Setting CVar [[r.Streaming.AmortizeCPUToGPUCopy:0]]
[2024.06.29-13.36.02:683][  0]LogConfig: Setting CVar [[r.Streaming.MaxNumTexturesToStreamPerFrame:0]]
[2024.06.29-13.36.02:683][  0]LogConfig: Setting CVar [[r.Streaming.Boost:1]]
[2024.06.29-13.36.02:683][  0]LogConfig: Setting CVar [[r.MaxAnisotropy:8]]
[2024.06.29-13.36.02:683][  0]LogConfig: Setting CVar [[r.VT.MaxAnisotropy:8]]
[2024.06.29-13.36.02:683][  0]LogConfig: Setting CVar [[r.Streaming.LimitPoolSizeToVRAM:0]]
[2024.06.29-13.36.02:683][  0]LogConfig: Setting CVar [[r.Streaming.PoolSize:1000]]
[2024.06.29-13.36.02:683][  0]LogConfig: Setting CVar [[r.Streaming.MaxEffectiveScreenSize:0]]
[2024.06.29-13.36.02:683][  0]LogConfig: Applying CVar settings from Section [EffectsQuality@3] File [C:/Users/micha/OneDrive/Documents/Unreal Projects/LuminousRebellion/Saved/Config/WindowsNoEditor/Scalability.ini]
[2024.06.29-13.36.02:683][  0]LogConfig: Setting CVar [[r.TranslucencyLightingVolumeDim:64]]
[2024.06.29-13.36.02:683][  0]LogConfig: Setting CVar [[r.RefractionQuality:2]]
[2024.06.29-13.36.02:683][  0]LogConfig: Setting CVar [[r.SSR.Quality:3]]
[2024.06.29-13.36.02:683][  0]LogConfig: Setting CVar [[r.SSR.HalfResSceneColor:0]]
[2024.06.29-13.36.02:683][  0]LogConfig: Setting CVar [[r.SceneColorFormat:4]]
[2024.06.29-13.36.02:683][  0]LogConfig: Setting CVar [[r.DetailMode:2]]
[2024.06.29-13.36.02:683][  0]LogConfig: Setting CVar [[r.TranslucencyVolumeBlur:1]]
[2024.06.29-13.36.02:683][  0]LogConfig: Setting CVar [[r.MaterialQualityLevel:1 ; High quality]]
[2024.06.29-13.36.02:683][  0]LogConfig: Setting CVar [[r.AnisotropicMaterials:1]]
[2024.06.29-13.36.02:683][  0]LogConfig: Setting CVar [[r.SSS.Scale:1]]
[2024.06.29-13.36.02:683][  0]LogConfig: Setting CVar [[r.SSS.SampleSet:2]]
[2024.06.29-13.36.02:683][  0]LogConfig: Setting CVar [[r.SSS.Quality:1]]
[2024.06.29-13.36.02:683][  0]LogConfig: Setting CVar [[r.SSS.HalfRes:0]]
[2024.06.29-13.36.02:683][  0]LogConfig: Setting CVar [[r.SSGI.Quality:3]]
[2024.06.29-13.36.02:683][  0]LogConfig: Setting CVar [[r.EmitterSpawnRateScale:1.0]]
[2024.06.29-13.36.02:683][  0]LogConfig: Setting CVar [[r.ParticleLightQuality:2]]
[2024.06.29-13.36.02:683][  0]LogConfig: Setting CVar [[r.SkyAtmosphere.AerialPerspectiveLUT.FastApplyOnOpaque:1 ; Always have FastSkyLUT 1 in this case to avoid wrong sky]]
[2024.06.29-13.36.02:683][  0]LogConfig: Setting CVar [[r.SkyAtmosphere.AerialPerspectiveLUT.SampleCountMaxPerSlice:4]]
[2024.06.29-13.36.02:683][  0]LogConfig: Setting CVar [[r.SkyAtmosphere.AerialPerspectiveLUT.DepthResolution:16.0]]
[2024.06.29-13.36.02:683][  0]LogConfig: Setting CVar [[r.SkyAtmosphere.FastSkyLUT:1]]
[2024.06.29-13.36.02:683][  0]LogConfig: Setting CVar [[r.SkyAtmosphere.FastSkyLUT.SampleCountMin:4.0]]
[2024.06.29-13.36.02:683][  0]LogConfig: Setting CVar [[r.SkyAtmosphere.FastSkyLUT.SampleCountMax:128.0]]
[2024.06.29-13.36.02:683][  0]LogConfig: Setting CVar [[r.SkyAtmosphere.SampleCountMin:4.0]]
[2024.06.29-13.36.02:683][  0]LogConfig: Setting CVar [[r.SkyAtmosphere.SampleCountMax:128.0]]
[2024.06.29-13.36.02:683][  0]LogConfig: Setting CVar [[r.SkyAtmosphere.TransmittanceLUT.UseSmallFormat:0]]
[2024.06.29-13.36.02:683][  0]LogConfig: Setting CVar [[r.SkyAtmosphere.TransmittanceLUT.SampleCount:10.0]]
[2024.06.29-13.36.02:683][  0]LogConfig: Setting CVar [[r.SkyAtmosphere.MultiScatteringLUT.SampleCount:15.0]]
[2024.06.29-13.36.02:683][  0]LogConfig: Setting CVar [[r.SkyLight.RealTimeReflectionCapture:1]]
[2024.06.29-13.36.02:683][  0]LogConfig: Setting CVar [[fx.Niagara.QualityLevel:3]]
[2024.06.29-13.36.02:683][  0]LogConfig: Applying CVar settings from Section [FoliageQuality@3] File [C:/Users/micha/OneDrive/Documents/Unreal Projects/LuminousRebellion/Saved/Config/WindowsNoEditor/Scalability.ini]
[2024.06.29-13.36.02:683][  0]LogConfig: Setting CVar [[foliage.DensityScale:1.0]]
[2024.06.29-13.36.02:683][  0]LogConfig: Setting CVar [[grass.DensityScale:1.0]]
[2024.06.29-13.36.02:683][  0]LogConfig: Applying CVar settings from Section [ShadingQuality@3] File [C:/Users/micha/OneDrive/Documents/Unreal Projects/LuminousRebellion/Saved/Config/WindowsNoEditor/Scalability.ini]
[2024.06.29-13.36.02:683][  0]LogConfig: Setting CVar [[r.HairStrands.SkyLighting.IntegrationType:2]]
[2024.06.29-13.36.02:683][  0]LogConfig: Setting CVar [[r.HairStrands.SkyAO.SampleCount:4]]
[2024.06.29-13.36.02:684][  0]LogConfig: Setting CVar [[r.HairStrands.Visibility.MSAA.SamplePerPixel:4]]
[2024.06.29-13.36.02:684][  0]LogConfig: Applying CVar settings from Section [Startup] File [../../../../../../../../Program Files/Epic Games/UE_4.27/Engine/Config/ConsoleVariables.ini]
[2024.06.29-13.36.02:684][  0]LogConfig: Setting CVar [[net.UseAdaptiveNetUpdateFrequency:0]]
[2024.06.29-13.36.02:684][  0]LogConfig: Setting CVar [[p.chaos.AllowCreatePhysxBodies:1]]
[2024.06.29-13.36.02:684][  0]LogConfig: Setting CVar [[fx.SkipVectorVMBackendOptimizations:1]]
[2024.06.29-13.36.02:684][  0]LogConfig: Applying CVar settings from Section [ConsoleVariables] File [C:/Users/micha/OneDrive/Documents/Unreal Projects/LuminousRebellion/Saved/Config/WindowsNoEditor/Engine.ini]
[2024.06.29-13.36.02:684][  0]LogInit: Computer: DESKTOP-RROF0VE
[2024.06.29-13.36.02:684][  0]LogInit: User: micha
[2024.06.29-13.36.02:684][  0]LogInit: CPU Page size=4096, Cores=2
[2024.06.29-13.36.02:684][  0]LogInit: High frequency timer resolution =10.000000 MHz
[2024.06.29-13.36.02:684][  0]LogMemory: Memory total: Physical=7.7GB (8GB approx)
[2024.06.29-13.36.02:684][  0]LogMemory: Platform Memory Stats for WindowsNoEditor
[2024.06.29-13.36.02:684][  0]LogMemory: Process Physical Memory: 78.12 MB used, 78.13 MB peak
[2024.06.29-13.36.02:684][  0]LogMemory: Process Virtual Memory: 80.28 MB used, 80.28 MB peak
[2024.06.29-13.36.02:684][  0]LogMemory: Physical Memory: 4219.49 MB used,  3668.30 MB free, 7887.79 MB total
[2024.06.29-13.36.02:685][  0]LogMemory: Virtual Memory: 134209656.00 MB used,  8068.40 MB free, 134217728.00 MB total
[2024.06.29-13.36.02:688][  0]LogWindows: WindowsPlatformFeatures enabled
[2024.06.29-13.36.02:699][  0]LogInit: Physics initialised using underlying interface: PhysX
[2024.06.29-13.36.02:700][  0]LogInit: Using OS detected language (en-US).
[2024.06.29-13.36.02:700][  0]LogInit: Using OS detected locale (en-US).
[2024.06.29-13.36.02:701][  0]LogTextLocalizationManager: No specific localization for 'en-US' exists, so the 'en' localization will be used.
[2024.06.29-13.36.02:722][  0]LogWindowsTextInputMethodSystem: Display: IME system deactivated.
[2024.06.29-13.36.02:752][  0]LogSlate: New Slate User Created.  User Index 0, Is Virtual User: 0
[2024.06.29-13.36.02:752][  0]LogSlate: Slate User Registered.  User Index 0, Is Virtual User: 0
[2024.06.29-13.36.02:806][  0]LogD3D11RHI: Loaded GFSDK_Aftermath_Lib.x64.dll
[2024.06.29-13.36.02:811][  0]LogHMD: Failed to initialize OpenVR with code 110
[2024.06.29-13.36.02:811][  0]LogD3D11RHI: D3D11 min allowed feature level: 11_0
[2024.06.29-13.36.02:811][  0]LogD3D11RHI: D3D11 max allowed feature level: 11_0
[2024.06.29-13.36.02:812][  0]LogD3D11RHI: D3D11 adapters:
[2024.06.29-13.36.02:822][  0]LogD3D11RHI:    0. 'Intel(R) HD Graphics 4000' (Feature Level 11_0)
[2024.06.29-13.36.02:822][  0]LogD3D11RHI:       32/0/1760 MB DedicatedVideo/DedicatedSystem/SharedSystem, Outputs:1, VendorId:0x8086
[2024.06.29-13.36.02:826][  0]LogD3D11RHI:    1. 'Microsoft Basic Render Driver' (Feature Level 11_0)
[2024.06.29-13.36.02:826][  0]LogD3D11RHI:       0/0/3943 MB DedicatedVideo/DedicatedSystem/SharedSystem, Outputs:0, VendorId:0x1414
[2024.06.29-13.36.02:826][  0]LogD3D11RHI: Chosen D3D11 Adapter:
[2024.06.29-13.36.02:826][  0]LogD3D11RHI:     Description : Intel(R) HD Graphics 4000
[2024.06.29-13.36.02:826][  0]LogD3D11RHI:     VendorId    : 8086
[2024.06.29-13.36.02:826][  0]LogD3D11RHI:     DeviceId    : 0166
[2024.06.29-13.36.02:826][  0]LogD3D11RHI:     SubSysId    : 21fa17aa
[2024.06.29-13.36.02:826][  0]LogD3D11RHI:     Revision    : 0009
[2024.06.29-13.36.02:826][  0]LogD3D11RHI:     DedicatedVideoMemory : 33554432 bytes
[2024.06.29-13.36.02:826][  0]LogD3D11RHI:     DedicatedSystemMemory : 0 bytes
[2024.06.29-13.36.02:826][  0]LogD3D11RHI:     SharedSystemMemory : 1845493760 bytes
[2024.06.29-13.36.02:826][  0]LogD3D11RHI:     AdapterLuid : 0 76793
[2024.06.29-13.36.02:833][  0]LogD3D11RHI: Creating new Direct3DDevice
[2024.06.29-13.36.02:833][  0]LogD3D11RHI:     GPU DeviceId: 0x166 (for the marketing name, search the web for "GPU Device Id")
[2024.06.29-13.36.02:833][  0]LogWindows: EnumDisplayDevices:
[2024.06.29-13.36.02:834][  0]LogWindows:    0. 'Intel(R) HD Graphics 4000' (P:1 D:1)
[2024.06.29-13.36.02:834][  0]LogWindows:    1. 'Intel(R) HD Graphics 4000' (P:0 D:0)
[2024.06.29-13.36.02:835][  0]LogWindows:    2. 'Intel(R) HD Graphics 4000' (P:0 D:0)
[2024.06.29-13.36.02:836][  0]LogWindows: DebugString: FoundDriverCount:3 
[2024.06.29-13.36.02:836][  0]LogD3D11RHI:     Adapter Name: Intel(R) HD Graphics 4000
[2024.06.29-13.36.02:836][  0]LogD3D11RHI:   Driver Version: 10.18.10.5161 (internal:10.18.10.5161, unified:10.18.10.5161)
[2024.06.29-13.36.02:836][  0]LogD3D11RHI:      Driver Date: 8-6-2020
[2024.06.29-13.36.02:836][  0]LogRHI: Texture pool is 638 MB (70% of 912 MB)
[2024.06.29-13.36.02:836][  0]LogD3D11RHI: Creating D3DDevice using adapter:
[2024.06.29-13.36.02:836][  0]LogD3D11RHI:     Description : Intel(R) HD Graphics 4000
[2024.06.29-13.36.02:836][  0]LogD3D11RHI:     VendorId    : 8086
[2024.06.29-13.36.02:836][  0]LogD3D11RHI:     DeviceId    : 0166
[2024.06.29-13.36.02:836][  0]LogD3D11RHI:     SubSysId    : 21fa17aa
[2024.06.29-13.36.02:836][  0]LogD3D11RHI:     Revision    : 0009
[2024.06.29-13.36.02:836][  0]LogD3D11RHI:     DedicatedVideoMemory : 33554432 bytes
[2024.06.29-13.36.02:836][  0]LogD3D11RHI:     DedicatedSystemMemory : 0 bytes
[2024.06.29-13.36.02:836][  0]LogD3D11RHI:     SharedSystemMemory : 1845493760 bytes
[2024.06.29-13.36.02:837][  0]LogD3D11RHI:     AdapterLuid : 0 76793
[2024.06.29-13.36.02:845][  0]LogD3D11RHI: RHI does not have support for 64 bit atomics
[2024.06.29-13.36.02:851][  0]LogD3D11RHI: Intel Extensions Framework not found
[2024.06.29-13.36.02:851][  0]LogD3D11RHI: Async texture creation enabled
[2024.06.29-13.36.02:863][  0]LogD3D11RHI: GPU Timing Frequency: 12.500000 (Debug: 2 0)
[2024.06.29-13.36.02:863][  0]LogRendererCore: Ray tracing is disabled. Reason: r.RayTracing=0.
[2024.06.29-13.36.02:863][  0]LogShaderLibrary: Display: Running without a pakfile and did not find a monolithic library 'Global' - attempting disk search for its chunks
[2024.06.29-13.36.02:864][  0]LogShaderLibrary: Display:    ....  not found
[2024.06.29-13.36.02:867][  0]LogShaderLibrary: Error: Failed to initialize ShaderCodeLibrary required by the project because part of the Global shader library is missing from ../../../../../../../../Program Files/Epic Games/UE_4.27/../../../Users/micha/OneDrive/Documents/Unreal Projects/LuminousRebellion/Content/.
[2024.06.29-13.36.04:138][  0]LogWindows: FPlatformMisc::RequestExit(1)
[2024.06.29-13.36.04:138][  0]LogWindows: FPlatformMisc::RequestExitWithStatus(1, 0)
[2024.06.29-13.36.04:138][  0]LogCore: Engine exit requested (reason: Win RequestExit)
[2024.06.29-13.36.04:148][  0]Log file closed, 06/29/24 21:36:04
